<<<<<<< HEAD
12/20/2022 03:41:42 PM FEED MONEY: $1.00  1.0
12/20/2022 03:41:42 PM FEED MONEY: $5.00  6.0
12/20/2022 03:41:42 PM FEED MONEY: $10.00  16.0
12/20/2022 03:41:42 PM Chiclets D3 0.75 $15.25
12/20/2022 03:41:42 PM Heavy C4 1.5 $13.75
12/20/2022 03:41:42 PM GIVE CHANGE: 13.75
12/20/2022 03:44:29 PM FEED MONEY: $1.00  $1.0
12/20/2022 03:44:29 PM FEED MONEY: $5.00  $6.0
12/20/2022 03:44:29 PM FEED MONEY: $10.00  $16.0
12/20/2022 03:44:29 PM GIVE CHANGE: 16.0
12/20/2022 03:46:51 PM FEED MONEY: $10.00  $10.0
12/20/2022 03:48:00 PM FEED MONEY: $10.00  $10.0
12/20/2022 03:48:00 PM GIVE CHANGE: $10.0
12/20/2022 04:06:13 PM FEED MONEY: $1.00  $1.0
12/20/2022 04:06:13 PM FEED MONEY: $5.00  $6.0
12/20/2022 04:06:13 PM FEED MONEY: $10.00  $16.0
12/20/2022 04:06:13 PM Grain Waves A3 2.75 $13.25
12/20/2022 04:06:13 PM Little League Chew D2 0.95 $12.30
12/20/2022 04:06:13 PM GIVE CHANGE: $12.3
12/20/2022 04:15:17 PM FEED MONEY: $10.00  $10.0
12/20/2022 04:15:17 PM GIVE CHANGE: $10.0
12/20/2022 04:16:17 PM FEED MONEY: $10.00  $10.0
12/20/2022 04:16:17 PM GIVE CHANGE: $10.0
12/20/2022 04:17:28 PM FEED MONEY: $10.00  $10.0
12/20/2022 04:17:28 PM GIVE CHANGE: $10.0
=======

12/16/2022 11:21:01 AM FEED MONEY: $1.00  $1.00
12/16/2022 11:21:01 AM FEED MONEY: $5.00  $6.00
12/16/2022 11:21:01 AM FEED MONEY: $10.00  $16.00
12/16/2022 11:21:01 AM Potato Crisps A1 3.05 $16.00
12/16/2022 11:21:01 AM Moonpie B1 1.8 $12.95
12/16/2022 11:21:01 AM Cola C1 1.25 $11.15
12/16/2022 11:21:01 AM U-Chews D1 0.85 $9.90
12/16/2022 11:21:01 AM GIVE CHANGE: $9.05 $0.00
12/16/2022 11:23:06 AM FEED MONEY: $1.00  $1.00
12/16/2022 11:23:06 AM FEED MONEY: $5.00  $6.00
12/16/2022 11:23:06 AM FEED MONEY: $10.00  $16.00
12/16/2022 11:23:06 AM Potato Crisps A1 3.05 $12.95
12/16/2022 11:23:06 AM Moonpie B1 1.8 $11.15
12/16/2022 11:23:06 AM Cola C1 1.25 $9.90
12/16/2022 11:23:06 AM U-Chews D1 0.85 $9.05
12/16/2022 11:23:06 AM GIVE CHANGE: $9.05 $0.00
12/16/2022 12:14:00 PM FEED MONEY: $10.00  $10.00
12/16/2022 12:14:00 PM FEED MONEY: $10.00  $20.00
12/16/2022 12:14:00 PM Triplemint D4 0.75 $19.25
12/16/2022 12:14:00 PM Triplemint D4 0.75 $18.50
12/16/2022 12:14:00 PM Cola C1 1.25 $17.25
12/16/2022 12:14:00 PM Potato Crisps A1 3.05 $14.20
12/16/2022 12:14:00 PM GIVE CHANGE: $14.20 $0.00
12/16/2022 12:30:33 PM FEED MONEY: $1.00  $1.00
12/16/2022 12:30:33 PM FEED MONEY: $5.00  $6.00
12/16/2022 12:30:33 PM FEED MONEY: $10.00  $16.00
12/16/2022 12:30:33 PM Potato Crisps A1 3.05 $12.95
12/16/2022 12:30:33 PM Potato Crisps A1 3.05 $9.90
12/16/2022 12:30:33 PM Moonpie B1 1.8 $8.10
12/16/2022 12:30:33 PM Cola C1 1.25 $6.85
12/16/2022 12:30:33 PM U-Chews D1 0.85 $6.00
12/16/2022 12:30:33 PM GIVE CHANGE: $6.00 $0.00
12/16/2022 12:32:03 PM FEED MONEY: $1.00  $1.00
12/16/2022 12:32:03 PM GIVE CHANGE: $1.00 $0.00
12/16/2022 12:34:17 PM FEED MONEY: $10.00  $10.00
12/16/2022 12:34:17 PM Potato Crisps A1 3.05 $6.95
12/16/2022 12:34:17 PM Stackers A2 1.45 $5.50
12/16/2022 12:34:17 PM Grain Waves A3 2.75 $2.75
12/16/2022 12:34:17 PM GIVE CHANGE: $2.75 $0.00
12/16/2022 12:36:16 PM FEED MONEY: $10.00  $10.00
12/16/2022 12:36:16 PM Potato Crisps A1 3.05 $6.95
12/16/2022 12:36:16 PM Potato Crisps A1 3.05 $3.90
12/16/2022 12:36:16 PM Grain Waves A3 2.75 $1.15
12/16/2022 12:36:16 PM Triplemint D4 0.75 $0.40
12/16/2022 12:36:16 PM GIVE CHANGE: $0.40 $0.00
12/17/2022 09:25:22 AM GIVE CHANGE: $0.00 $0.00
12/20/2022 11:03:13 AM FEED MONEY: $10.00  $10.00
12/20/2022 11:03:13 AM FEED MONEY: $5.00  $15.00
12/20/2022 11:03:13 AM Triplemint D4 0.75 $14.25
12/20/2022 11:37:36 AM FEED MONEY: $5.00  $5.00
12/20/2022 11:37:36 AM Chiclets D3 0.75 $4.25
12/20/2022 11:40:46 AM FEED MONEY: $5.00  $5.00
12/20/2022 11:40:46 AM Wonka Bar B3 1.5 $3.50
12/20/2022 11:40:46 AM GIVE CHANGE: $3.50 $0.00
12/20/2022 11:40:46 AM FEED MONEY: $5.00  $5.00
12/20/2022 11:50:07 AM FEED MONEY: $5.00  $5.00
12/20/2022 11:50:07 AM Stackers A2 1.45 $3.55
12/20/2022 11:50:07 AM Stackers A2 1.45 $2.10
12/20/2022 01:57:09 PM FEED MONEY: $10.00  $10.00
12/20/2022 01:57:09 PM Chiclets D3 0.75 $9.25
12/20/2022 01:57:09 PM Stackers A2 1.45 $7.80
12/20/2022 01:57:09 PM Cola C1 1.25 $6.55
12/20/2022 01:57:09 PM GIVE CHANGE: $6.55 $0.00
>>>>>>> 7b1a1bbd30ef3562035ab9aae2a8dcbda0dc103b
12/21/2022 09:31:23 AM FEED MONEY: $5.00  $5.0
12/21/2022 09:31:23 AM Crunchie B4 1.75 $3.25
12/21/2022 09:31:23 AM GIVE CHANGE: $3.25
12/31/2022 08:55:53 PM FEED MONEY: $10.00  $10.0
12/31/2022 08:55:53 PM Triplemint D4 0.75 $9.25
12/31/2022 08:55:53 PM Triplemint D4 0.75 $8.50
01/11/2023 01:31:41 AM FEED MONEY: $10.00  $10.0
01/11/2023 01:31:41 AM Triplemint D4 0.75 $9.25
01/11/2023 01:31:41 AM Triplemint D4 0.75 $8.50
01/11/2023 01:31:41 AM Triplemint D4 0.75 $7.75
01/11/2023 01:31:41 AM Triplemint D4 0.75 $7.00
01/11/2023 01:31:41 AM Triplemint D4 0.75 $6.25
01/11/2023 01:42:28 AM FEED MONEY: $10.00  $10.0
01/11/2023 01:42:28 AM Triplemint D4 0.75 $9.25
01/11/2023 01:42:28 AM Triplemint D4 0.75 $8.50
01/11/2023 01:42:28 AM Triplemint D4 0.75 $7.75
01/11/2023 01:42:28 AM Triplemint D4 0.75 $7.00
01/11/2023 01:42:28 AM Triplemint D4 0.75 $6.25
01/11/2023 01:43:44 AM FEED MONEY: $10.00  $10.0
01/11/2023 01:43:44 AM Triplemint D4 0.75 $9.25
01/11/2023 01:43:44 AM Triplemint D4 0.75 $8.50
01/11/2023 01:43:44 AM Triplemint D4 0.75 $7.75
01/11/2023 01:43:44 AM Triplemint D4 0.75 $7.00
01/11/2023 01:43:44 AM Triplemint D4 0.75 $6.25
01/11/2023 01:44:42 AM FEED MONEY: $10.00  $10.0
01/11/2023 01:44:42 AM Triplemint D4 0.75 $9.25
01/11/2023 01:44:42 AM Triplemint D4 0.75 $8.50
01/11/2023 01:44:42 AM Triplemint D4 0.75 $7.75
01/11/2023 01:44:42 AM Triplemint D4 0.75 $7.00
01/11/2023 01:44:42 AM Triplemint D4 0.75 $6.25
01/11/2023 01:44:42 AM Chiclets D3 0.75 $5.50
01/11/2023 01:44:42 AM GIVE CHANGE: $5.5
